<?xml version="1.0" encoding="UTF-8"?>
<testsuite xmlns:xsi="http://www.w3.org/2001/XMLSchema-instance" xsi:noNamespaceSchemaLocation="https://maven.apache.org/surefire/maven-surefire-plugin/xsd/surefire-test-report-3.0.xsd" version="3.0" name="fr.devavance.tp_springboot_mvc_jpa.TpSpringbootMvcJpaApplicationTests" time="10.082" tests="1" errors="0" skipped="0" failures="0">
  <properties>
[...]
</properties>
  <testcase name="contextLoads" classname="fr.devavance.tp_springboot_mvc_jpa.TpSpringbootMvcJpaApplicationTests" time="1.541">
    <system-out><![CDATA[22:01:24.872 [main] INFO org.springframework.test.context.support.AnnotationConfigContextLoaderUtils -- Could not detect default configuration classes for test class [fr.devavance.tp_springboot_mvc_jpa.TpSpringbootMvcJpaApplicationTests]: TpSpringbootMvcJpaApplicationTests does not declare any static, non-private, non-final, nested classes annotated with @Configuration.
22:01:25.148 [main] INFO org.springframework.boot.test.context.SpringBootTestContextBootstrapper -- Found @SpringBootConfiguration fr.devavance.tp_springboot_mvc_jpa.TpSpringbootMvcJpaApplication for test class fr.devavance.tp_springboot_mvc_jpa.TpSpringbootMvcJpaApplicationTests

  .   ____          _            __ _ _
 /\\ / ___'_ __ _ _(_)_ __  __ _ \ \ \ \
( ( )\___ | '_ | '_| | '_ \/ _` | \ \ \ \
 \\/  ___)| |_)| | | | | || (_| |  ) ) ) )
  '  |____| .__|_| |_|_| |_\__, | / / / /
 =========|_|==============|___/=/_/_/_/
 :: Spring Boot ::                (v3.1.8)

2024-02-11T22:01:26.204+01:00  INFO 37204 --- [           main] f.d.t.TpSpringbootMvcJpaApplicationTests : Starting TpSpringbootMvcJpaApplicationTests using Java 17.0.8 with PID 37204 (started by clean in C:\Users\clean\IdeaProjects\R6.A.05_TP1)
2024-02-11T22:01:26.208+01:00  INFO 37204 --- [           main] f.d.t.TpSpringbootMvcJpaApplicationTests : No active profile set, falling back to 1 default profile: "default"
2024-02-11T22:01:27.766+01:00  INFO 37204 --- [           main] .s.d.r.c.RepositoryConfigurationDelegate : Bootstrapping Spring Data JPA repositories in DEFAULT mode.
2024-02-11T22:01:27.823+01:00  INFO 37204 --- [           main] .s.d.r.c.RepositoryConfigurationDelegate : Finished Spring Data repository scanning in 33 ms. Found 0 JPA repository interfaces.
2024-02-11T22:01:28.962+01:00  INFO 37204 --- [           main] com.zaxxer.hikari.HikariDataSource       : HikariPool-1 - Starting...
2024-02-11T22:01:29.480+01:00  INFO 37204 --- [           main] com.zaxxer.hikari.pool.HikariPool        : HikariPool-1 - Added connection conn0: url=jdbc:h2:mem:48f7e0d5-7242-4a2f-a304-a8663a7fdf6e user=SA
2024-02-11T22:01:29.484+01:00  INFO 37204 --- [           main] com.zaxxer.hikari.HikariDataSource       : HikariPool-1 - Start completed.
2024-02-11T22:01:29.631+01:00  INFO 37204 --- [           main] o.hibernate.jpa.internal.util.LogHelper  : HHH000204: Processing PersistenceUnitInfo [name: default]
2024-02-11T22:01:29.791+01:00  INFO 37204 --- [           main] org.hibernate.Version                    : HHH000412: Hibernate ORM core version 6.2.20.Final
2024-02-11T22:01:29.796+01:00  INFO 37204 --- [           main] org.hibernate.cfg.Environment            : HHH000406: Using bytecode reflection optimizer
2024-02-11T22:01:30.569+01:00  INFO 37204 --- [           main] o.s.o.j.p.SpringPersistenceUnitInfo      : No LoadTimeWeaver setup: ignoring JPA class transformer
2024-02-11T22:01:31.530+01:00  INFO 37204 --- [           main] o.h.e.t.j.p.i.JtaPlatformInitiator       : HHH000489: No JTA platform available (set 'hibernate.transaction.jta.platform' to enable JTA platform integration)
2024-02-11T22:01:31.546+01:00  INFO 37204 --- [           main] j.LocalContainerEntityManagerFactoryBean : Initialized JPA EntityManagerFactory for persistence unit 'default'
2024-02-11T22:01:31.942+01:00  WARN 37204 --- [           main] JpaBaseConfiguration$JpaWebConfiguration : spring.jpa.open-in-view is enabled by default. Therefore, database queries may be performed during view rendering. Explicitly configure spring.jpa.open-in-view to disable this warning
2024-02-11T22:01:32.920+01:00  INFO 37204 --- [           main] f.d.t.TpSpringbootMvcJpaApplicationTests : Started TpSpringbootMvcJpaApplicationTests in 7.305 seconds (process running for 10.0)
]]></system-out>
  </testcase>
</testsuite>